<?xml version="1.0" encoding="UTF-8"?>
<!-- Generated by org.testng.reporters.JUnitReportReporter -->
<testsuite hostname="BLRCND50004561" failures="0" tests="1" name="StringPrograms.reverseInteger" time="0.016" errors="0" timestamp="2021-10-03T13:13:26 IST" skipped="0">
  <testcase classname="StringPrograms.reverseInteger" name="reverseInteger" time="0.016"/>
  <system-out/>
</testsuite> <!-- StringPrograms.reverseInteger -->
