<?xml version="1.0" encoding="UTF-8"?>
<!-- Generated by org.testng.reporters.JUnitReportReporter -->
<testsuite hostname="BLRCND50004561" failures="0" tests="1" name="String_Number_Programs.armstrongNumber" time="0.000" errors="0" timestamp="2021-10-03T14:42:36 IST" skipped="0">
  <testcase classname="String_Number_Programs.armstrongNumber" name="checkArmstrong" time="0.000"/>
  <system-out/>
</testsuite> <!-- String_Number_Programs.armstrongNumber -->
