<?xml version="1.0" encoding="UTF-8"?>
<!-- Generated by org.testng.reporters.JUnitReportReporter -->
<testsuite hostname="BLRCND50004561" failures="0" tests="5" name="StringPrograms.reverseSentence" time="0.019" errors="0" timestamp="2021-09-21T21:19:49 IST" skipped="0">
  <testcase classname="StringPrograms.reverseSentence" name="nameReverse" time="0.003"/>
  <system-out/>
  <testcase classname="StringPrograms.reverseSentence" name="nameReverse" time="0.001"/>
  <system-out/>
  <testcase classname="StringPrograms.reverseSentence" name="nameReverse" time="0.001"/>
  <system-out/>
  <testcase classname="StringPrograms.reverseSentence" name="nameReverse" time="0.001"/>
  <system-out/>
  <testcase classname="StringPrograms.reverseSentence" name="nameReverse" time="0.013"/>
  <system-out/>
</testsuite> <!-- StringPrograms.reverseSentence -->
