<?xml version="1.0" encoding="UTF-8"?>
<!-- Generated by org.testng.reporters.JUnitReportReporter -->
<testsuite hostname="BLRCND50004561" failures="0" tests="1" name="String_Number_Programs.Fibonacci" time="0.009" errors="0" timestamp="2021-10-24T18:43:50 IST" skipped="0">
  <testcase classname="String_Number_Programs.Fibonacci" name="fib" time="0.009"/>
  <system-out/>
</testsuite> <!-- String_Number_Programs.Fibonacci -->
